-------------------------------------------------------------------------------
Test set: org.hld.nicolasd.NicolasdApplicationTests
-------------------------------------------------------------------------------
Tests run: 1, Failures: 0, Errors: 1, Skipped: 0, Time elapsed: 13.16 s <<< FAILURE! - in org.hld.nicolasd.NicolasdApplicationTests
contextLoads  Time elapsed: 0.026 s  <<< ERROR!
java.lang.IllegalStateException: Failed to load ApplicationContext
Caused by: org.springframework.beans.factory.BeanCreationException: Error creating bean with name 'userRepository' defined in org.hld.nicolasd.UserRepository defined in @EnableJpaRepositories declared on JpaRepositoriesRegistrar.EnableJpaRepositoriesConfiguration: Invocation of init method failed; nested exception is java.lang.IllegalArgumentException: Not a managed type: class org.hld.nicolasd.entity.User
Caused by: java.lang.IllegalArgumentException: Not a managed type: class org.hld.nicolasd.entity.User

